<?xml version="1.0" encoding="UTF-8"?>
<testsuite name="absoft.net.TestSuite" tests="1" skipped="0" failures="0" errors="0" timestamp="2022-08-28T10:51:39" hostname="dnh0-7p30-75" time="3.331">
  <properties/>
  <testcase name="testCustomerSuccessfulPurchase" classname="absoft.net.TestSuite" time="3.331"/>
  <system-out><![CDATA[]]></system-out>
  <system-err><![CDATA[Starting ChromeDriver 104.0.5112.79 (3cf3e8c8a07d104b9e1260c910efb8f383285dc5-refs/branch-heads/5112@{#1307}) on port 59402
Only local connections are allowed.
Please see https://chromedriver.chromium.org/security-considerations for suggestions on keeping ChromeDriver safe.
ChromeDriver was started successfully.
авг 28, 2022 1:51:31 PM org.openqa.selenium.remote.ProtocolHandshake createSession
INFO: Detected upstream dialect: W3C
авг 28, 2022 1:51:36 PM org.openqa.selenium.devtools.CdpVersionFinder findNearestMatch
WARNING: Unable to find an exact match for CDP version 104, so returning the closest version found: 103
авг 28, 2022 1:51:36 PM org.openqa.selenium.devtools.CdpVersionFinder findNearestMatch
INFO: Found CDP implementation for version 104 of 103
]]></system-err>
</testsuite>
